<?xml version="1.0" encoding="UTF-8"?>
<testsuite xmlns:xsi="http://www.w3.org/2001/XMLSchema-instance" xsi:noNamespaceSchemaLocation="https://maven.apache.org/surefire/maven-surefire-plugin/xsd/surefire-test-report.xsd" name="com.example.date.to.words.DateToWordsApplicationTests" time="1.922" tests="85" errors="0" skipped="0" failures="0">
  <properties>
[...]
</properties>
  <testcase name="shouldPrintPastFormat{String, String}[1]" classname="com.example.date.to.words.DateToWordsApplicationTests" time="0.336"/>
  <testcase name="shouldPrintPastFormat{String, String}[2]" classname="com.example.date.to.words.DateToWordsApplicationTests" time="0.003"/>
  <testcase name="shouldPrintPastFormat{String, String}[3]" classname="com.example.date.to.words.DateToWordsApplicationTests" time="0.003"/>
  <testcase name="shouldPrintPastFormat{String, String}[4]" classname="com.example.date.to.words.DateToWordsApplicationTests" time="0.004"/>
  <testcase name="shouldPrintPastFormat{String, String}[5]" classname="com.example.date.to.words.DateToWordsApplicationTests" time="0.004"/>
  <testcase name="shouldPrintPastFormat{String, String}[6]" classname="com.example.date.to.words.DateToWordsApplicationTests" time="0.004"/>
  <testcase name="shouldPrintPastFormat{String, String}[7]" classname="com.example.date.to.words.DateToWordsApplicationTests" time="0.004"/>
  <testcase name="shouldPrintPastFormat{String, String}[8]" classname="com.example.date.to.words.DateToWordsApplicationTests" time="0.003"/>
  <testcase name="shouldPrintPastFormat{String, String}[9]" classname="com.example.date.to.words.DateToWordsApplicationTests" time="0.003"/>
  <testcase name="shouldPrintPastFormat{String, String}[10]" classname="com.example.date.to.words.DateToWordsApplicationTests" time="0.003"/>
  <testcase name="shouldPrintPastFormat{String, String}[11]" classname="com.example.date.to.words.DateToWordsApplicationTests" time="0.004"/>
  <testcase name="shouldPrintPastFormat{String, String}[12]" classname="com.example.date.to.words.DateToWordsApplicationTests" time="0.004"/>
  <testcase name="shouldPrintPastFormat{String, String}[13]" classname="com.example.date.to.words.DateToWordsApplicationTests" time="0.004"/>
  <testcase name="shouldPrintPastFormat{String, String}[14]" classname="com.example.date.to.words.DateToWordsApplicationTests" time="0.003"/>
  <testcase name="shouldPrintPastFormat{String, String}[15]" classname="com.example.date.to.words.DateToWordsApplicationTests" time="0.004"/>
  <testcase name="shouldPrintPastFormat{String, String}[16]" classname="com.example.date.to.words.DateToWordsApplicationTests" time="0.005"/>
  <testcase name="shouldPrintPastFormat{String, String}[17]" classname="com.example.date.to.words.DateToWordsApplicationTests" time="0.004"/>
  <testcase name="shouldPrintPastFormat{String, String}[18]" classname="com.example.date.to.words.DateToWordsApplicationTests" time="0.004"/>
  <testcase name="shouldPrintPastFormat{String, String}[19]" classname="com.example.date.to.words.DateToWordsApplicationTests" time="0.004"/>
  <testcase name="shouldPrintPastFormat{String, String}[20]" classname="com.example.date.to.words.DateToWordsApplicationTests" time="0.005"/>
  <testcase name="shouldPrintPastFormat{String, String}[21]" classname="com.example.date.to.words.DateToWordsApplicationTests" time="0.003"/>
  <testcase name="shouldPrintPastFormat{String, String}[22]" classname="com.example.date.to.words.DateToWordsApplicationTests" time="0.002"/>
  <testcase name="shouldPrintPastFormat{String, String}[23]" classname="com.example.date.to.words.DateToWordsApplicationTests" time="0.003"/>
  <testcase name="shouldPrintPastFormat{String, String}[24]" classname="com.example.date.to.words.DateToWordsApplicationTests" time="0.003"/>
  <testcase name="shouldPrintPastFormat{String, String}[25]" classname="com.example.date.to.words.DateToWordsApplicationTests" time="0.003"/>
  <testcase name="shouldPrintPastFormat{String, String}[26]" classname="com.example.date.to.words.DateToWordsApplicationTests" time="0.004"/>
  <testcase name="shouldPrintPastFormat{String, String}[27]" classname="com.example.date.to.words.DateToWordsApplicationTests" time="0.003"/>
  <testcase name="shouldPrintPastFormat{String, String}[28]" classname="com.example.date.to.words.DateToWordsApplicationTests" time="0.003"/>
  <testcase name="shouldPrintPastFormat{String, String}[29]" classname="com.example.date.to.words.DateToWordsApplicationTests" time="0.003"/>
  <testcase name="shouldPrintWholeHour{String, String}[1]" classname="com.example.date.to.words.DateToWordsApplicationTests" time="0.002"/>
  <testcase name="shouldPrintWholeHour{String, String}[2]" classname="com.example.date.to.words.DateToWordsApplicationTests" time="0.001"/>
  <testcase name="shouldPrintWholeHour{String, String}[3]" classname="com.example.date.to.words.DateToWordsApplicationTests" time="0.002"/>
  <testcase name="shouldPrintWholeHour{String, String}[4]" classname="com.example.date.to.words.DateToWordsApplicationTests" time="0.001"/>
  <testcase name="shouldPrintWholeHour{String, String}[5]" classname="com.example.date.to.words.DateToWordsApplicationTests" time="0.002"/>
  <testcase name="shouldPrintWholeHour{String, String}[6]" classname="com.example.date.to.words.DateToWordsApplicationTests" time="0.003"/>
  <testcase name="shouldPrintWholeHour{String, String}[7]" classname="com.example.date.to.words.DateToWordsApplicationTests" time="0.003"/>
  <testcase name="shouldPrintWholeHour{String, String}[8]" classname="com.example.date.to.words.DateToWordsApplicationTests" time="0.003"/>
  <testcase name="shouldPrintWholeHour{String, String}[9]" classname="com.example.date.to.words.DateToWordsApplicationTests" time="0.003"/>
  <testcase name="shouldPrintWholeHour{String, String}[10]" classname="com.example.date.to.words.DateToWordsApplicationTests" time="0.003"/>
  <testcase name="shouldPrintWholeHour{String, String}[11]" classname="com.example.date.to.words.DateToWordsApplicationTests" time="0.002"/>
  <testcase name="shouldPrintWholeHour{String, String}[12]" classname="com.example.date.to.words.DateToWordsApplicationTests" time="0.002"/>
  <testcase name="shouldPrintWholeHour{String, String}[13]" classname="com.example.date.to.words.DateToWordsApplicationTests" time="0.003"/>
  <testcase name="shouldReturnWrongFormatMessage" classname="com.example.date.to.words.DateToWordsApplicationTests" time="0.003"/>
  <testcase name="shouldPrintToFormat{String, String}[1]" classname="com.example.date.to.words.DateToWordsApplicationTests" time="0.009"/>
  <testcase name="shouldPrintToFormat{String, String}[2]" classname="com.example.date.to.words.DateToWordsApplicationTests" time="0.003"/>
  <testcase name="shouldPrintToFormat{String, String}[3]" classname="com.example.date.to.words.DateToWordsApplicationTests" time="0.003"/>
  <testcase name="shouldPrintToFormat{String, String}[4]" classname="com.example.date.to.words.DateToWordsApplicationTests" time="0.002"/>
  <testcase name="shouldPrintToFormat{String, String}[5]" classname="com.example.date.to.words.DateToWordsApplicationTests" time="0.003"/>
  <testcase name="shouldPrintToFormat{String, String}[6]" classname="com.example.date.to.words.DateToWordsApplicationTests" time="0.004"/>
  <testcase name="shouldPrintToFormat{String, String}[7]" classname="com.example.date.to.words.DateToWordsApplicationTests" time="0.003"/>
  <testcase name="shouldPrintToFormat{String, String}[8]" classname="com.example.date.to.words.DateToWordsApplicationTests" time="0.004"/>
  <testcase name="shouldPrintToFormat{String, String}[9]" classname="com.example.date.to.words.DateToWordsApplicationTests" time="0.003"/>
  <testcase name="shouldPrintToFormat{String, String}[10]" classname="com.example.date.to.words.DateToWordsApplicationTests" time="0.004"/>
  <testcase name="shouldPrintToFormat{String, String}[11]" classname="com.example.date.to.words.DateToWordsApplicationTests" time="0.003"/>
  <testcase name="shouldPrintToFormat{String, String}[12]" classname="com.example.date.to.words.DateToWordsApplicationTests" time="0.002"/>
  <testcase name="shouldPrintToFormat{String, String}[13]" classname="com.example.date.to.words.DateToWordsApplicationTests" time="0.003"/>
  <testcase name="shouldPrintToFormat{String, String}[14]" classname="com.example.date.to.words.DateToWordsApplicationTests" time="0.002"/>
  <testcase name="shouldPrintToFormat{String, String}[15]" classname="com.example.date.to.words.DateToWordsApplicationTests" time="0.003"/>
  <testcase name="shouldPrintToFormat{String, String}[16]" classname="com.example.date.to.words.DateToWordsApplicationTests" time="0.002"/>
  <testcase name="shouldPrintToFormat{String, String}[17]" classname="com.example.date.to.words.DateToWordsApplicationTests" time="0.002"/>
  <testcase name="shouldPrintToFormat{String, String}[18]" classname="com.example.date.to.words.DateToWordsApplicationTests" time="0.002"/>
  <testcase name="shouldPrintToFormat{String, String}[19]" classname="com.example.date.to.words.DateToWordsApplicationTests" time="0.001"/>
  <testcase name="shouldPrintToFormat{String, String}[20]" classname="com.example.date.to.words.DateToWordsApplicationTests" time="0.002"/>
  <testcase name="shouldPrintToFormat{String, String}[21]" classname="com.example.date.to.words.DateToWordsApplicationTests" time="0.002"/>
  <testcase name="shouldPrintToFormat{String, String}[22]" classname="com.example.date.to.words.DateToWordsApplicationTests" time="0.002"/>
  <testcase name="shouldPrintToFormat{String, String}[23]" classname="com.example.date.to.words.DateToWordsApplicationTests" time="0.003"/>
  <testcase name="shouldPrintToFormat{String, String}[24]" classname="com.example.date.to.words.DateToWordsApplicationTests" time="0.003"/>
  <testcase name="shouldPrintToFormat{String, String}[25]" classname="com.example.date.to.words.DateToWordsApplicationTests" time="0.003"/>
  <testcase name="shouldPrintToFormat{String, String}[26]" classname="com.example.date.to.words.DateToWordsApplicationTests" time="0.002"/>
  <testcase name="shouldPrintToFormat{String, String}[27]" classname="com.example.date.to.words.DateToWordsApplicationTests" time="0.002"/>
  <testcase name="shouldPrintToFormat{String, String}[28]" classname="com.example.date.to.words.DateToWordsApplicationTests" time="0.003"/>
  <testcase name="shouldPrintToFormat{String, String}[29]" classname="com.example.date.to.words.DateToWordsApplicationTests" time="0.002"/>
  <testcase name="shouldPrintHalfFormat{String, String}[1]" classname="com.example.date.to.words.DateToWordsApplicationTests" time="0.004"/>
  <testcase name="shouldPrintHalfFormat{String, String}[2]" classname="com.example.date.to.words.DateToWordsApplicationTests" time="0.003"/>
  <testcase name="shouldPrintHalfFormat{String, String}[3]" classname="com.example.date.to.words.DateToWordsApplicationTests" time="0.003"/>
  <testcase name="shouldPrintHalfFormat{String, String}[4]" classname="com.example.date.to.words.DateToWordsApplicationTests" time="0.003"/>
  <testcase name="shouldPrintHalfFormat{String, String}[5]" classname="com.example.date.to.words.DateToWordsApplicationTests" time="0.003"/>
  <testcase name="shouldPrintHalfFormat{String, String}[6]" classname="com.example.date.to.words.DateToWordsApplicationTests" time="0.003"/>
  <testcase name="shouldPrintHalfFormat{String, String}[7]" classname="com.example.date.to.words.DateToWordsApplicationTests" time="0.002"/>
  <testcase name="shouldPrintHalfFormat{String, String}[8]" classname="com.example.date.to.words.DateToWordsApplicationTests" time="0.002"/>
  <testcase name="shouldPrintHalfFormat{String, String}[9]" classname="com.example.date.to.words.DateToWordsApplicationTests" time="0.003"/>
  <testcase name="shouldPrintHalfFormat{String, String}[10]" classname="com.example.date.to.words.DateToWordsApplicationTests" time="0.002"/>
  <testcase name="shouldPrintHalfFormat{String, String}[11]" classname="com.example.date.to.words.DateToWordsApplicationTests" time="0.003"/>
  <testcase name="shouldPrintHalfFormat{String, String}[12]" classname="com.example.date.to.words.DateToWordsApplicationTests" time="0.002"/>
  <testcase name="shouldPrintHalfFormat{String, String}[13]" classname="com.example.date.to.words.DateToWordsApplicationTests" time="0.003"/>
</testsuite>